23:23:00 INFO  : Registering command handlers for SDK TCF services
23:23:01 INFO  : Launching XSCT server: xsct.bat -interactive C:\Users\bogda\Desktop\University\Year_III\SEM_1\DMD\PROJECT\Project_1\Project_1.sdk\temp_xsdb_launch_script.tcl
23:23:04 INFO  : XSCT server has started successfully.
23:23:04 INFO  : Successfully done setting XSCT server connection channel  
23:23:04 INFO  : Successfully done setting SDK workspace  
23:23:04 INFO  : Processing command line option -hwspec C:/Users/bogda/Desktop/University/Year_III/SEM_1/DMD/PROJECT/Project_1/Project_1.sdk/design_1_wrapper.hdf.
17:53:56 INFO  : Registering command handlers for SDK TCF services
17:53:58 INFO  : Launching XSCT server: xsct.bat -interactive C:\Users\bogda\Desktop\University\Year_III\SEM_1\DMD\PROJECT\Project_1\Project_1.sdk\temp_xsdb_launch_script.tcl
17:54:03 INFO  : XSCT server has started successfully.
17:54:03 INFO  : Successfully done setting XSCT server connection channel  
17:54:11 INFO  : Successfully done setting SDK workspace  
17:54:11 INFO  : Processing command line option -hwspec C:/Users/bogda/Desktop/University/Year_III/SEM_1/DMD/PROJECT/Project_1/Project_1.sdk/design_1_wrapper.hdf.
17:54:11 INFO  : Checking for hwspec changes in the project design_1_wrapper_hw_platform_0.
18:21:47 INFO  : Registering command handlers for SDK TCF services
18:21:48 INFO  : Launching XSCT server: xsct.bat -interactive C:\Users\bogda\Desktop\University\Year_III\SEM_1\DMD\PROJECT\Project\Project_1.sdk\temp_xsdb_launch_script.tcl
18:21:53 INFO  : XSCT server has started successfully.
18:21:57 INFO  : Successfully done setting XSCT server connection channel  
18:21:57 INFO  : Successfully done setting SDK workspace  
18:21:57 INFO  : Processing command line option -hwspec C:/Users/bogda/Desktop/University/Year_III/SEM_1/DMD/PROJECT/Project/Project_1.sdk/design_1_wrapper.hdf.
18:22:04 INFO  : SDK has detected change in the last modified timestamps for source hardware specification file Source:1639482953571,  Project:1638217988723
18:22:04 INFO  : Project design_1_wrapper_hw_platform_0's source hardware specification located at C:/Users/bogda/Desktop/University/Year_III/SEM_1/DMD/PROJECT/Project_1/Project_1.sdk/design_1_wrapper.hdf is now different from the local copy.
		 The local copy will be replaced with the source specification and your workspace will be updated.
18:22:23 INFO  : Copied contents of C:/Users/bogda/Desktop/University/Year_III/SEM_1/DMD/PROJECT/Project_1/Project_1.sdk/design_1_wrapper.hdf into \design_1_wrapper_hw_platform_0\system.hdf.
18:22:29 INFO  : Synchronizing projects in the workspace with the hardware platform specification changes.
18:22:40 INFO  : 
18:22:41 INFO  : Updating hardware inferred compiler options for mb_helloworld.
18:22:41 INFO  : Clearing existing target manager status.
18:22:41 INFO  : Workspace synchronized with the new hardware specification file. Cleaning dependent projects...
18:22:43 WARN  : Linker script will not be updated automatically. Users need to update it manually.
19:52:31 INFO  : Registering command handlers for SDK TCF services
19:52:32 INFO  : Launching XSCT server: xsct.bat -interactive C:\Users\bogda\Desktop\University\Year_III\SEM_1\DMD\PROJECT\Project\Project_1.sdk\temp_xsdb_launch_script.tcl
19:52:36 INFO  : XSCT server has started successfully.
19:52:37 INFO  : Successfully done setting XSCT server connection channel  
19:52:37 INFO  : Successfully done setting SDK workspace  
19:52:37 INFO  : Processing command line option -hwspec C:/Users/bogda/Desktop/University/Year_III/SEM_1/DMD/PROJECT/Project/Project_1.sdk/design_1_wrapper.hdf.
19:52:37 INFO  : Checking for hwspec changes in the project design_1_wrapper_hw_platform_1.
20:04:52 INFO  : Registering command handlers for SDK TCF services
20:04:53 INFO  : Launching XSCT server: xsct.bat -interactive C:\Users\bogda\Desktop\University\Year_III\SEM_1\DMD\PROJECT\Project\Project_1.sdk\temp_xsdb_launch_script.tcl
20:04:57 INFO  : XSCT server has started successfully.
20:04:57 INFO  : Successfully done setting XSCT server connection channel  
20:04:57 INFO  : Successfully done setting SDK workspace  
20:04:57 INFO  : Processing command line option -hwspec C:/Users/bogda/Desktop/University/Year_III/SEM_1/DMD/PROJECT/Project/Project_1.sdk/design_1_wrapper.hdf.
20:04:57 INFO  : Checking for hwspec changes in the project design_1_wrapper_hw_platform_1.
18:09:35 INFO  : Registering command handlers for SDK TCF services
18:09:37 INFO  : Launching XSCT server: xsct.bat -interactive C:\Users\bogda\Desktop\University\Year_III\SEM_1\DMD\PROJECT\Project\Project_1.sdk\temp_xsdb_launch_script.tcl
18:09:43 INFO  : XSCT server has started successfully.
18:09:51 INFO  : Successfully done setting XSCT server connection channel  
18:09:51 INFO  : Successfully done setting SDK workspace  
18:09:51 INFO  : Processing command line option -hwspec C:/Users/bogda/Desktop/University/Year_III/SEM_1/DMD/PROJECT/Project/Project_1.sdk/design_1_wrapper.hdf.
18:09:51 INFO  : Checking for hwspec changes in the project design_1_wrapper_hw_platform_1.
18:35:20 INFO  : Registering command handlers for SDK TCF services
18:35:21 INFO  : Launching XSCT server: xsct.bat -interactive C:\Users\bogda\Desktop\University\Year_III\SEM_1\DMD\PROJECT\Project\Project_1.sdk\temp_xsdb_launch_script.tcl
18:35:25 INFO  : XSCT server has started successfully.
18:35:25 INFO  : Successfully done setting XSCT server connection channel  
18:35:25 INFO  : Successfully done setting SDK workspace  
18:35:25 INFO  : Processing command line option -hwspec C:/Users/bogda/Desktop/University/Year_III/SEM_1/DMD/PROJECT/Project/Project_1.sdk/design_1_wrapper.hdf.
18:35:25 INFO  : Checking for hwspec changes in the project design_1_wrapper_hw_platform_1.
