
**** 04/24/20 22:30:16 *********** Evaluation PSpice (Nov 1999) **************

 * D:\CODE\ED - PSpice\Diode Clipper\Diode Clipper.sch


 ****     CIRCUIT DESCRIPTION


******************************************************************************




* Schematics Version 9.1 - Web Update 1
* Fri Apr 24 22:30:13 2020



** Analysis setup **
.tran 0ns 3ms 0 0.01ms
.OP 


* From [PSPICE NETLIST] section of pspiceev.ini:
.lib "nom.lib"

.INC "Diode Clipper.net"

**** INCLUDING "Diode Clipper.net" ****
* Schematics Netlist *



V_V1         V1 0  
+SIN 0 1.5 1k 0 0 0
D_D5         VL 0 D1N4002 
D_D6         0 VL D1N4002 
R_R         V1 VL  1  

**** RESUMING "Diode Clipper.cir" ****
.INC "Diode Clipper.als"



**** INCLUDING "Diode Clipper.als" ****
* Schematics Aliases *

.ALIASES
V_V1            V1(+=V1 -=0 )
D_D5            D5(1=VL 2=0 )
D_D6            D6(1=0 2=VL )
R_R             R(1=V1 2=VL )
_    _(V1=V1)
_    _(VL=VL)
.ENDALIASES


**** RESUMING "Diode Clipper.cir" ****
.probe


.END

**** 04/24/20 22:30:16 *********** Evaluation PSpice (Nov 1999) **************

 * D:\CODE\ED - PSpice\Diode Clipper\Diode Clipper.sch


 ****     Diode MODEL PARAMETERS


******************************************************************************




               D1N4002         
          IS   14.110000E-09 
           N    1.984        
         ISR  100.000000E-12 
         IKF   94.81         
          BV  100.1          
         IBV   10            
          RS     .03389      
          TT    4.761000E-06 
         CJO   51.170000E-12 
          VJ     .3905       
           M     .2762       


**** 04/24/20 22:30:16 *********** Evaluation PSpice (Nov 1999) **************

 * D:\CODE\ED - PSpice\Diode Clipper\Diode Clipper.sch


 ****     SMALL SIGNAL BIAS SOLUTION       TEMPERATURE =   27.000 DEG C


******************************************************************************



 NODE   VOLTAGE     NODE   VOLTAGE     NODE   VOLTAGE     NODE   VOLTAGE


(   V1)    0.0000  (   VL)    0.0000  




    VOLTAGE SOURCE CURRENTS
    NAME         CURRENT

    V_V1         0.000E+00

    TOTAL POWER DISSIPATION   0.00E+00  WATTS


**** 04/24/20 22:30:16 *********** Evaluation PSpice (Nov 1999) **************

 * D:\CODE\ED - PSpice\Diode Clipper\Diode Clipper.sch


 ****     OPERATING POINT INFORMATION      TEMPERATURE =   27.000 DEG C


******************************************************************************






**** DIODES


NAME         D_D5        D_D6      
MODEL        D1N4002     D1N4002   
ID           0.00E+00    0.00E+00 
VD           0.00E+00    0.00E+00 
REQ          3.61E+06    3.61E+06 
CAP          5.25E-11    5.25E-11 
**** 04/24/20 22:30:16 *********** Evaluation PSpice (Nov 1999) **************

 * D:\CODE\ED - PSpice\Diode Clipper\Diode Clipper.sch


 ****     INITIAL TRANSIENT SOLUTION       TEMPERATURE =   27.000 DEG C


******************************************************************************



 NODE   VOLTAGE     NODE   VOLTAGE     NODE   VOLTAGE     NODE   VOLTAGE


(   V1)    0.0000  (   VL)    0.0000  




    VOLTAGE SOURCE CURRENTS
    NAME         CURRENT

    V_V1         0.000E+00

    TOTAL POWER DISSIPATION   0.00E+00  WATTS



          JOB CONCLUDED

          TOTAL JOB TIME             .02
