#-----------------------------------------------------------
# Vivado v2019.1 (64-bit)
# SW Build 2552052 on Fri May 24 14:49:42 MDT 2019
# IP Build 2548770 on Fri May 24 18:01:18 MDT 2019
# Start of session at: Mon Nov 29 23:19:50 2021
# Process ID: 6996
# Current directory: C:/Users/bogda/Desktop/University/Year_III/SEM_1/DMD/PROJECT/Project_1
# Command line: vivado.exe -gui_launcher_event rodinguilauncherevent10424 C:\Users\bogda\Desktop\University\Year_III\SEM_1\DMD\PROJECT\Project_1\Project_1.xpr
# Log file: C:/Users/bogda/Desktop/University/Year_III/SEM_1/DMD/PROJECT/Project_1/vivado.log
# Journal file: C:/Users/bogda/Desktop/University/Year_III/SEM_1/DMD/PROJECT/Project_1\vivado.jou
#-----------------------------------------------------------
start_gui
open_project C:/Users/bogda/Desktop/University/Year_III/SEM_1/DMD/PROJECT/Project_1/Project_1.xpr
Scanning sources...
Finished scanning sources
INFO: [IP_Flow 19-234] Refreshing IP repositories
INFO: [IP_Flow 19-1704] No user IP repositories specified
INFO: [IP_Flow 19-2313] Loaded Vivado IP repository 'T:/Vivado/Vivado/2019.1/data/ip'.
open_project: Time (s): cpu = 00:00:21 ; elapsed = 00:00:10 . Memory (MB): peak = 822.938 ; gain = 156.543
update_compile_order -fileset sources_1
launch_sdk -workspace C:/Users/bogda/Desktop/University/Year_III/SEM_1/DMD/PROJECT/Project_1/Project_1.sdk -hwspec C:/Users/bogda/Desktop/University/Year_III/SEM_1/DMD/PROJECT/Project_1/Project_1.sdk/design_1_wrapper.hdf
INFO: [Vivado 12-393] Launching SDK...
INFO: [Vivado 12-417] Running xsdk -workspace C:/Users/bogda/Desktop/University/Year_III/SEM_1/DMD/PROJECT/Project_1/Project_1.sdk -hwspec C:/Users/bogda/Desktop/University/Year_III/SEM_1/DMD/PROJECT/Project_1/Project_1.sdk/design_1_wrapper.hdf
INFO: [Vivado 12-3157] SDK launch initiated. Please check console for any further messages.
file mkdir C:/Users/bogda/Desktop/University/Year_III/SEM_1/DMD/PROJECT/Project_1/Project_1.sdk
file copy -force C:/Users/bogda/Desktop/University/Year_III/SEM_1/DMD/PROJECT/Project_1/Project_1.runs/impl_1/design_1_wrapper.sysdef C:/Users/bogda/Desktop/University/Year_III/SEM_1/DMD/PROJECT/Project_1/Project_1.sdk/design_1_wrapper.hdf

launch_sdk -workspace C:/Users/bogda/Desktop/University/Year_III/SEM_1/DMD/PROJECT/Project_1/Project_1.sdk -hwspec C:/Users/bogda/Desktop/University/Year_III/SEM_1/DMD/PROJECT/Project_1/Project_1.sdk/design_1_wrapper.hdf
INFO: [Vivado 12-393] Launching SDK...
INFO: [Vivado 12-417] Running xsdk -workspace C:/Users/bogda/Desktop/University/Year_III/SEM_1/DMD/PROJECT/Project_1/Project_1.sdk -hwspec C:/Users/bogda/Desktop/University/Year_III/SEM_1/DMD/PROJECT/Project_1/Project_1.sdk/design_1_wrapper.hdf
INFO: [Vivado 12-3157] SDK launch initiated. Please check console for any further messages.
exit
INFO: [Common 17-206] Exiting Vivado at Mon Nov 29 23:28:13 2021...
