#-----------------------------------------------------------
# Vivado v2019.1 (64-bit)
# SW Build 2552052 on Fri May 24 14:49:42 MDT 2019
# IP Build 2548770 on Fri May 24 18:01:18 MDT 2019
# Start of session at: Tue Jan 11 18:16:20 2022
# Process ID: 22992
# Current directory: C:/Users/bogda/Desktop/University/Year_III/SEM_1/DMD/PROJECT/Project
# Command line: vivado.exe -gui_launcher_event rodinguilauncherevent20100 C:\Users\bogda\Desktop\University\Year_III\SEM_1\DMD\PROJECT\Project\Project_1.xpr
# Log file: C:/Users/bogda/Desktop/University/Year_III/SEM_1/DMD/PROJECT/Project/vivado.log
# Journal file: C:/Users/bogda/Desktop/University/Year_III/SEM_1/DMD/PROJECT/Project\vivado.jou
#-----------------------------------------------------------
start_guioopen_project C:/Users/bogda/Desktop/University/Year_III/SEM_1/DMD/PROJECT/Project/Project_1.xpr
Scanning sources...
Finished scanning sources
INFO: [IP_Flow 19-234] Refreshing IP repositories
INFO: [IP_Flow 19-1704] No user IP repositories specified
INFO: [IP_Flow 19-2313] Loaded Vivado IP repository 'T:/Vivado/Vivado/2019.1/data/ip'.open_project: Time (s): cpu = 00:00:25 ; elapsed = 00:00:11 . Memory (MB): peak = 816.910 ; gain = 145.359
update_compile_order -fileset sources_1
exit
INFO: [Common 17-206] Exiting Vivado at Tue Jan 11 18:17:01 2022...
a/rsb/busdef/AXIMM/busdef.tcl} }"
ERROR: [BD 41-69] Error sourcing TCL script: 
    while executing
"source -notrace {T:/Vivado/Vivado/2019.1/data/rsb/busdef/clock_signal/busdef.tcl} "
    (in namespace eval "::xilinx.com_ip_clock_signal_1.0" script line 1)
    invoked from within
"namespace eval ::xilinx.com_ip_clock_signal_1.0 { source -notrace {T:/Vivado/Vivado/2019.1/data/rsb/busdef/clock_signal/busdef.tcl} }"
ERROR: [BD 41-69] Error sourcing TCL script: 
    while executing
"source -notrace {T:/Vivado/Vivado/2019.1/data/rsb/busdef/gt_outclk/busdef.tcl} "
    (in namespace eval "::xilinx.com_ip_gt_outclk_1.0" script line 1)
    invoked from within
"namespace eval ::xilinx.com_ip_gt_outclk_1.0 { source -notrace {T:/Vivado/Vivado/2019.1/data/rsb/busdef/gt_outclk/busdef.tcl} }"
ERROR: [BD 41-69] Error sourcing TCL script: 
    while executing
"source -notrace {T:/Vivado/Vivado/2019.1/data/rsb/busdef/gt_usrclk/busdef.tcl} "
    (in namespace eval "::xilinx.com_ip_gt_usrclk_1.0" script line 1)
    invoked from within
"namespace eval ::xilinx.com_ip_gt_usrclk_1.0 { source -notrace {T:/Vivado/Vivado/2019.1/data/rsb/busdef/gt_usrclk/busdef.tcl} }"
INFO: [Common 17-344] 'open_project' was cancelled
exit
INFO: [Common 17-206] Exiting Vivado at Tue Jan 11 18:16:44 2022...
