13:58:27 INFO  : Registering command handlers for SDK TCF services
13:58:29 INFO  : Launching XSCT server: xsct.bat -interactive D:\Uni_Stuff\Y3\DMD\project_1\project_1.sdk\temp_xsdb_launch_script.tcl
13:58:40 INFO  : XSCT server has started successfully.
13:59:45 INFO  : Successfully done setting XSCT server connection channel  
13:59:45 INFO  : Successfully done setting SDK workspace  
13:59:45 INFO  : Processing command line option -hwspec D:/Uni_Stuff/Y3/DMD/project_1/project_1.sdk/design_1_wrapper.hdf.
14:08:55 INFO  : Connected to target on host '127.0.0.1' and port '3121'.
14:08:56 INFO  : Jtag cable 'Digilent Zed 210248690419' is selected.
14:08:56 INFO  : 'jtag frequency' command is executed.
14:08:56 INFO  : Sourcing of 'D:/Uni_Stuff/Y3/DMD/project_1/project_1.sdk/design_1_wrapper_hw_platform_0/ps7_init.tcl' is done.
14:08:56 INFO  : Context for 'APU' is selected.
14:08:56 INFO  : System reset is completed.
14:08:59 INFO  : 'after 3000' command is executed.
14:08:59 INFO  : 'targets -set -filter {jtag_cable_name =~ "Digilent Zed 210248690419" && level==0} -index 1' command is executed.
14:09:02 INFO  : FPGA configured successfully with bitstream "D:/Uni_Stuff/Y3/DMD/project_1/project_1.sdk/design_1_wrapper_hw_platform_0/design_1_wrapper.bit"
14:09:02 INFO  : Context for 'APU' is selected.
14:09:02 INFO  : Hardware design information is loaded from 'D:/Uni_Stuff/Y3/DMD/project_1/project_1.sdk/design_1_wrapper_hw_platform_0/system.hdf'.
14:09:02 INFO  : 'configparams force-mem-access 1' command is executed.
14:09:02 INFO  : Context for 'APU' is selected.
14:09:02 INFO  : 'ps7_init' command is executed.
14:09:02 INFO  : 'ps7_post_config' command is executed.
14:09:02 INFO  : 'configparams mdm-detect-bscan-mask 2' command is executed.
14:09:02 INFO  : Context for processor 'microblaze_0' is selected.
14:09:02 INFO  : The application 'D:/Uni_Stuff/Y3/DMD/project_1/project_1.sdk/mb_hello/Debug/mb_hello.elf' is downloaded to processor 'microblaze_0'.
14:09:02 INFO  : 'configparams force-mem-access 0' command is executed.
14:09:02 INFO  : ----------------XSDB Script----------------
connect -url tcp:127.0.0.1:3121
source D:/Uni_Stuff/Y3/DMD/project_1/project_1.sdk/design_1_wrapper_hw_platform_0/ps7_init.tcl
targets -set -nocase -filter {name =~"APU*" && jtag_cable_name =~ "Digilent Zed 210248690419"} -index 0
rst -system
after 3000
targets -set -filter {jtag_cable_name =~ "Digilent Zed 210248690419" && level==0} -index 1
fpga -file D:/Uni_Stuff/Y3/DMD/project_1/project_1.sdk/design_1_wrapper_hw_platform_0/design_1_wrapper.bit
targets -set -nocase -filter {name =~"APU*" && jtag_cable_name =~ "Digilent Zed 210248690419"} -index 0
loadhw -hw D:/Uni_Stuff/Y3/DMD/project_1/project_1.sdk/design_1_wrapper_hw_platform_0/system.hdf -mem-ranges [list {0x40000000 0xbfffffff}]
configparams force-mem-access 1
targets -set -nocase -filter {name =~"APU*" && jtag_cable_name =~ "Digilent Zed 210248690419"} -index 0
ps7_init
ps7_post_config
configparams mdm-detect-bscan-mask 2
targets -set -nocase -filter {name =~ "microblaze*#0" && bscan=="USER2"  && jtag_cable_name =~ "Digilent Zed 210248690419"} -index 1
dow D:/Uni_Stuff/Y3/DMD/project_1/project_1.sdk/mb_hello/Debug/mb_hello.elf
configparams force-mem-access 0
----------------End of Script----------------

14:09:02 INFO  : Memory regions updated for context APU
14:09:02 INFO  : Memory regions updated for context MicroBlaze #0
14:09:02 INFO  : Memory regions updated for context MicroBlaze #0
14:09:03 INFO  : Context for processor 'microblaze_0' is selected.
14:09:03 INFO  : 'con' command is executed.
14:09:03 INFO  : ----------------XSDB Script (After Launch)----------------
targets -set -nocase -filter {name =~ "microblaze*#0" && bscan=="USER2"  && jtag_cable_name =~ "Digilent Zed 210248690419"} -index 1
con
----------------End of Script----------------

14:09:03 INFO  : Launch script is exported to file 'D:\Uni_Stuff\Y3\DMD\project_1\project_1.sdk\.sdk\launch_scripts\xilinx_c-c++_application_(system_debugger)\system_debugger_using_debug_mb_hello.elf_on_local.tcl'
14:10:02 INFO  : Disconnected from the channel tcfchan#1.
14:10:03 INFO  : Connected to target on host '127.0.0.1' and port '3121'.
14:10:03 INFO  : Jtag cable 'Digilent Zed 210248690419' is selected.
14:10:03 INFO  : 'jtag frequency' command is executed.
14:10:03 INFO  : Sourcing of 'D:/Uni_Stuff/Y3/DMD/project_1/project_1.sdk/design_1_wrapper_hw_platform_0/ps7_init.tcl' is done.
14:10:03 INFO  : Context for 'APU' is selected.
14:10:03 INFO  : System reset is completed.
14:10:06 INFO  : 'after 3000' command is executed.
14:10:06 INFO  : 'targets -set -filter {jtag_cable_name =~ "Digilent Zed 210248690419" && level==0} -index 1' command is executed.
14:10:08 INFO  : FPGA configured successfully with bitstream "D:/Uni_Stuff/Y3/DMD/project_1/project_1.sdk/design_1_wrapper_hw_platform_0/design_1_wrapper.bit"
14:10:08 INFO  : Context for 'APU' is selected.
14:10:11 INFO  : Hardware design information is loaded from 'D:/Uni_Stuff/Y3/DMD/project_1/project_1.sdk/design_1_wrapper_hw_platform_0/system.hdf'.
14:10:11 INFO  : 'configparams force-mem-access 1' command is executed.
14:10:11 INFO  : Context for 'APU' is selected.
14:10:11 INFO  : 'ps7_init' command is executed.
14:10:11 INFO  : 'ps7_post_config' command is executed.
14:10:11 INFO  : 'configparams mdm-detect-bscan-mask 2' command is executed.
14:10:11 INFO  : Context for processor 'microblaze_0' is selected.
14:10:11 INFO  : The application 'D:/Uni_Stuff/Y3/DMD/project_1/project_1.sdk/mb_hello/Debug/mb_hello.elf' is downloaded to processor 'microblaze_0'.
14:10:11 INFO  : 'configparams force-mem-access 0' command is executed.
14:10:11 INFO  : ----------------XSDB Script----------------
connect -url tcp:127.0.0.1:3121
source D:/Uni_Stuff/Y3/DMD/project_1/project_1.sdk/design_1_wrapper_hw_platform_0/ps7_init.tcl
targets -set -nocase -filter {name =~"APU*" && jtag_cable_name =~ "Digilent Zed 210248690419"} -index 0
rst -system
after 3000
targets -set -filter {jtag_cable_name =~ "Digilent Zed 210248690419" && level==0} -index 1
fpga -file D:/Uni_Stuff/Y3/DMD/project_1/project_1.sdk/design_1_wrapper_hw_platform_0/design_1_wrapper.bit
targets -set -nocase -filter {name =~"APU*" && jtag_cable_name =~ "Digilent Zed 210248690419"} -index 0
loadhw -hw D:/Uni_Stuff/Y3/DMD/project_1/project_1.sdk/design_1_wrapper_hw_platform_0/system.hdf -mem-ranges [list {0x40000000 0xbfffffff}]
configparams force-mem-access 1
targets -set -nocase -filter {name =~"APU*" && jtag_cable_name =~ "Digilent Zed 210248690419"} -index 0
ps7_init
ps7_post_config
configparams mdm-detect-bscan-mask 2
targets -set -nocase -filter {name =~ "microblaze*#0" && bscan=="USER2"  && jtag_cable_name =~ "Digilent Zed 210248690419"} -index 1
dow D:/Uni_Stuff/Y3/DMD/project_1/project_1.sdk/mb_hello/Debug/mb_hello.elf
configparams force-mem-access 0
----------------End of Script----------------

14:10:11 INFO  : Memory regions updated for context APU
14:10:11 INFO  : Memory regions updated for context MicroBlaze #0
14:10:11 INFO  : Memory regions updated for context MicroBlaze #0
14:10:11 INFO  : Context for processor 'microblaze_0' is selected.
14:10:11 INFO  : 'con' command is executed.
14:10:11 INFO  : ----------------XSDB Script (After Launch)----------------
targets -set -nocase -filter {name =~ "microblaze*#0" && bscan=="USER2"  && jtag_cable_name =~ "Digilent Zed 210248690419"} -index 1
con
----------------End of Script----------------

14:10:11 INFO  : Launch script is exported to file 'D:\Uni_Stuff\Y3\DMD\project_1\project_1.sdk\.sdk\launch_scripts\xilinx_c-c++_application_(system_debugger)\system_debugger_using_debug_mb_hello.elf_on_local.tcl'
14:10:37 INFO  : Disconnected from the channel tcfchan#2.
14:10:38 INFO  : Connected to target on host '127.0.0.1' and port '3121'.
14:10:38 INFO  : Jtag cable 'Digilent Zed 210248690419' is selected.
14:10:38 INFO  : 'jtag frequency' command is executed.
14:10:38 INFO  : Sourcing of 'D:/Uni_Stuff/Y3/DMD/project_1/project_1.sdk/design_1_wrapper_hw_platform_0/ps7_init.tcl' is done.
14:10:38 INFO  : Context for 'APU' is selected.
14:10:39 INFO  : System reset is completed.
14:10:42 INFO  : 'after 3000' command is executed.
14:10:42 INFO  : 'targets -set -filter {jtag_cable_name =~ "Digilent Zed 210248690419" && level==0} -index 1' command is executed.
14:10:44 INFO  : FPGA configured successfully with bitstream "D:/Uni_Stuff/Y3/DMD/project_1/project_1.sdk/design_1_wrapper_hw_platform_0/design_1_wrapper.bit"
14:10:44 INFO  : Context for 'APU' is selected.
14:10:46 INFO  : Hardware design information is loaded from 'D:/Uni_Stuff/Y3/DMD/project_1/project_1.sdk/design_1_wrapper_hw_platform_0/system.hdf'.
14:10:46 INFO  : 'configparams force-mem-access 1' command is executed.
14:10:46 INFO  : Context for 'APU' is selected.
14:10:47 INFO  : 'ps7_init' command is executed.
14:10:47 INFO  : 'ps7_post_config' command is executed.
14:10:47 INFO  : 'configparams mdm-detect-bscan-mask 2' command is executed.
14:10:47 INFO  : Context for processor 'microblaze_0' is selected.
14:10:47 INFO  : The application 'D:/Uni_Stuff/Y3/DMD/project_1/project_1.sdk/mb_hello/Debug/mb_hello.elf' is downloaded to processor 'microblaze_0'.
14:10:47 INFO  : 'configparams force-mem-access 0' command is executed.
14:10:47 INFO  : ----------------XSDB Script----------------
connect -url tcp:127.0.0.1:3121
source D:/Uni_Stuff/Y3/DMD/project_1/project_1.sdk/design_1_wrapper_hw_platform_0/ps7_init.tcl
targets -set -nocase -filter {name =~"APU*" && jtag_cable_name =~ "Digilent Zed 210248690419"} -index 0
rst -system
after 3000
targets -set -filter {jtag_cable_name =~ "Digilent Zed 210248690419" && level==0} -index 1
fpga -file D:/Uni_Stuff/Y3/DMD/project_1/project_1.sdk/design_1_wrapper_hw_platform_0/design_1_wrapper.bit
targets -set -nocase -filter {name =~"APU*" && jtag_cable_name =~ "Digilent Zed 210248690419"} -index 0
loadhw -hw D:/Uni_Stuff/Y3/DMD/project_1/project_1.sdk/design_1_wrapper_hw_platform_0/system.hdf -mem-ranges [list {0x40000000 0xbfffffff}]
configparams force-mem-access 1
targets -set -nocase -filter {name =~"APU*" && jtag_cable_name =~ "Digilent Zed 210248690419"} -index 0
ps7_init
ps7_post_config
configparams mdm-detect-bscan-mask 2
targets -set -nocase -filter {name =~ "microblaze*#0" && bscan=="USER2"  && jtag_cable_name =~ "Digilent Zed 210248690419"} -index 1
dow D:/Uni_Stuff/Y3/DMD/project_1/project_1.sdk/mb_hello/Debug/mb_hello.elf
configparams force-mem-access 0
----------------End of Script----------------

14:10:47 INFO  : Memory regions updated for context APU
14:10:47 INFO  : Memory regions updated for context MicroBlaze #0
14:10:47 INFO  : Memory regions updated for context MicroBlaze #0
14:10:47 INFO  : Context for processor 'microblaze_0' is selected.
14:10:47 INFO  : 'con' command is executed.
14:10:47 INFO  : ----------------XSDB Script (After Launch)----------------
targets -set -nocase -filter {name =~ "microblaze*#0" && bscan=="USER2"  && jtag_cable_name =~ "Digilent Zed 210248690419"} -index 1
con
----------------End of Script----------------

14:10:47 INFO  : Launch script is exported to file 'D:\Uni_Stuff\Y3\DMD\project_1\project_1.sdk\.sdk\launch_scripts\xilinx_c-c++_application_(system_debugger)\system_debugger_using_debug_mb_hello.elf_on_local.tcl'
14:11:11 INFO  : Disconnected from the channel tcfchan#3.
14:11:12 INFO  : Connected to target on host '127.0.0.1' and port '3121'.
14:11:12 INFO  : Jtag cable 'Digilent Zed 210248690419' is selected.
14:11:12 INFO  : 'jtag frequency' command is executed.
14:11:12 INFO  : Sourcing of 'D:/Uni_Stuff/Y3/DMD/project_1/project_1.sdk/design_1_wrapper_hw_platform_0/ps7_init.tcl' is done.
14:11:12 INFO  : Context for 'APU' is selected.
14:11:13 INFO  : System reset is completed.
14:11:16 INFO  : 'after 3000' command is executed.
14:11:16 INFO  : 'targets -set -filter {jtag_cable_name =~ "Digilent Zed 210248690419" && level==0} -index 1' command is executed.
14:11:18 INFO  : FPGA configured successfully with bitstream "D:/Uni_Stuff/Y3/DMD/project_1/project_1.sdk/design_1_wrapper_hw_platform_0/design_1_wrapper.bit"
14:11:18 INFO  : Context for 'APU' is selected.
14:11:20 INFO  : Hardware design information is loaded from 'D:/Uni_Stuff/Y3/DMD/project_1/project_1.sdk/design_1_wrapper_hw_platform_0/system.hdf'.
14:11:20 INFO  : 'configparams force-mem-access 1' command is executed.
14:11:20 INFO  : Context for 'APU' is selected.
14:11:21 INFO  : 'ps7_init' command is executed.
14:11:21 INFO  : 'ps7_post_config' command is executed.
14:11:21 INFO  : 'configparams mdm-detect-bscan-mask 2' command is executed.
14:11:21 INFO  : Context for processor 'microblaze_0' is selected.
14:11:21 INFO  : The application 'D:/Uni_Stuff/Y3/DMD/project_1/project_1.sdk/mb_hello/Debug/mb_hello.elf' is downloaded to processor 'microblaze_0'.
14:11:21 INFO  : 'configparams force-mem-access 0' command is executed.
14:11:21 INFO  : ----------------XSDB Script----------------
connect -url tcp:127.0.0.1:3121
source D:/Uni_Stuff/Y3/DMD/project_1/project_1.sdk/design_1_wrapper_hw_platform_0/ps7_init.tcl
targets -set -nocase -filter {name =~"APU*" && jtag_cable_name =~ "Digilent Zed 210248690419"} -index 0
rst -system
after 3000
targets -set -filter {jtag_cable_name =~ "Digilent Zed 210248690419" && level==0} -index 1
fpga -file D:/Uni_Stuff/Y3/DMD/project_1/project_1.sdk/design_1_wrapper_hw_platform_0/design_1_wrapper.bit
targets -set -nocase -filter {name =~"APU*" && jtag_cable_name =~ "Digilent Zed 210248690419"} -index 0
loadhw -hw D:/Uni_Stuff/Y3/DMD/project_1/project_1.sdk/design_1_wrapper_hw_platform_0/system.hdf -mem-ranges [list {0x40000000 0xbfffffff}]
configparams force-mem-access 1
targets -set -nocase -filter {name =~"APU*" && jtag_cable_name =~ "Digilent Zed 210248690419"} -index 0
ps7_init
ps7_post_config
configparams mdm-detect-bscan-mask 2
targets -set -nocase -filter {name =~ "microblaze*#0" && bscan=="USER2"  && jtag_cable_name =~ "Digilent Zed 210248690419"} -index 1
dow D:/Uni_Stuff/Y3/DMD/project_1/project_1.sdk/mb_hello/Debug/mb_hello.elf
configparams force-mem-access 0
----------------End of Script----------------

14:11:21 INFO  : Memory regions updated for context APU
14:11:21 INFO  : Memory regions updated for context MicroBlaze #0
14:11:21 INFO  : Memory regions updated for context MicroBlaze #0
14:11:21 INFO  : Context for processor 'microblaze_0' is selected.
14:11:21 INFO  : 'con' command is executed.
14:11:21 INFO  : ----------------XSDB Script (After Launch)----------------
targets -set -nocase -filter {name =~ "microblaze*#0" && bscan=="USER2"  && jtag_cable_name =~ "Digilent Zed 210248690419"} -index 1
con
----------------End of Script----------------

14:11:21 INFO  : Launch script is exported to file 'D:\Uni_Stuff\Y3\DMD\project_1\project_1.sdk\.sdk\launch_scripts\xilinx_c-c++_application_(system_debugger)\system_debugger_using_debug_mb_hello.elf_on_local.tcl'
14:15:26 INFO  : Disconnected from the channel tcfchan#4.
14:15:27 INFO  : Connected to target on host '127.0.0.1' and port '3121'.
14:15:27 INFO  : Jtag cable 'Digilent Zed 210248690419' is selected.
14:15:27 INFO  : 'jtag frequency' command is executed.
14:15:27 INFO  : Sourcing of 'D:/Uni_Stuff/Y3/DMD/project_1/project_1.sdk/design_1_wrapper_hw_platform_0/ps7_init.tcl' is done.
14:15:27 INFO  : Context for 'APU' is selected.
14:15:27 INFO  : System reset is completed.
14:15:30 INFO  : 'after 3000' command is executed.
14:15:31 INFO  : 'targets -set -filter {jtag_cable_name =~ "Digilent Zed 210248690419" && level==0} -index 1' command is executed.
14:15:33 INFO  : FPGA configured successfully with bitstream "D:/Uni_Stuff/Y3/DMD/project_1/project_1.sdk/design_1_wrapper_hw_platform_0/design_1_wrapper.bit"
14:15:33 INFO  : Context for 'APU' is selected.
14:15:35 INFO  : Hardware design information is loaded from 'D:/Uni_Stuff/Y3/DMD/project_1/project_1.sdk/design_1_wrapper_hw_platform_0/system.hdf'.
14:15:35 INFO  : 'configparams force-mem-access 1' command is executed.
14:15:35 INFO  : Context for 'APU' is selected.
14:15:35 INFO  : 'ps7_init' command is executed.
14:15:35 INFO  : 'ps7_post_config' command is executed.
14:15:35 INFO  : 'configparams mdm-detect-bscan-mask 2' command is executed.
14:15:35 INFO  : Context for processor 'microblaze_0' is selected.
14:15:35 INFO  : The application 'D:/Uni_Stuff/Y3/DMD/project_1/project_1.sdk/mb_test/Debug/mb_test.elf' is downloaded to processor 'microblaze_0'.
14:15:36 INFO  : 'configparams force-mem-access 0' command is executed.
14:15:36 INFO  : ----------------XSDB Script----------------
connect -url tcp:127.0.0.1:3121
source D:/Uni_Stuff/Y3/DMD/project_1/project_1.sdk/design_1_wrapper_hw_platform_0/ps7_init.tcl
targets -set -nocase -filter {name =~"APU*" && jtag_cable_name =~ "Digilent Zed 210248690419"} -index 0
rst -system
after 3000
targets -set -filter {jtag_cable_name =~ "Digilent Zed 210248690419" && level==0} -index 1
fpga -file D:/Uni_Stuff/Y3/DMD/project_1/project_1.sdk/design_1_wrapper_hw_platform_0/design_1_wrapper.bit
targets -set -nocase -filter {name =~"APU*" && jtag_cable_name =~ "Digilent Zed 210248690419"} -index 0
loadhw -hw D:/Uni_Stuff/Y3/DMD/project_1/project_1.sdk/design_1_wrapper_hw_platform_0/system.hdf -mem-ranges [list {0x40000000 0xbfffffff}]
configparams force-mem-access 1
targets -set -nocase -filter {name =~"APU*" && jtag_cable_name =~ "Digilent Zed 210248690419"} -index 0
ps7_init
ps7_post_config
configparams mdm-detect-bscan-mask 2
targets -set -nocase -filter {name =~ "microblaze*#0" && bscan=="USER2"  && jtag_cable_name =~ "Digilent Zed 210248690419"} -index 1
dow D:/Uni_Stuff/Y3/DMD/project_1/project_1.sdk/mb_test/Debug/mb_test.elf
configparams force-mem-access 0
----------------End of Script----------------

14:15:36 INFO  : Memory regions updated for context APU
14:15:36 INFO  : Memory regions updated for context MicroBlaze #0
14:15:36 INFO  : Memory regions updated for context MicroBlaze #0
14:15:36 INFO  : Context for processor 'microblaze_0' is selected.
14:15:36 INFO  : 'con' command is executed.
14:15:36 INFO  : ----------------XSDB Script (After Launch)----------------
targets -set -nocase -filter {name =~ "microblaze*#0" && bscan=="USER2"  && jtag_cable_name =~ "Digilent Zed 210248690419"} -index 1
con
----------------End of Script----------------

14:15:36 INFO  : Launch script is exported to file 'D:\Uni_Stuff\Y3\DMD\project_1\project_1.sdk\.sdk\launch_scripts\xilinx_c-c++_application_(system_debugger)\system_debugger_using_debug_mb_hello.elf_on_local.tcl'
14:19:24 INFO  : Disconnected from the channel tcfchan#5.
14:19:25 INFO  : Connected to target on host '127.0.0.1' and port '3121'.
14:19:26 INFO  : Jtag cable 'Digilent Zed 210248690419' is selected.
14:19:26 INFO  : 'jtag frequency' command is executed.
14:19:26 INFO  : Sourcing of 'D:/Uni_Stuff/Y3/DMD/project_1/project_1.sdk/design_1_wrapper_hw_platform_0/ps7_init.tcl' is done.
14:19:26 INFO  : Context for 'APU' is selected.
14:19:26 INFO  : System reset is completed.
14:19:29 INFO  : 'after 3000' command is executed.
14:19:29 INFO  : 'targets -set -filter {jtag_cable_name =~ "Digilent Zed 210248690419" && level==0} -index 1' command is executed.
14:19:31 INFO  : FPGA configured successfully with bitstream "D:/Uni_Stuff/Y3/DMD/project_1/project_1.sdk/design_1_wrapper_hw_platform_0/design_1_wrapper.bit"
14:19:31 INFO  : Context for 'APU' is selected.
14:19:33 INFO  : Hardware design information is loaded from 'D:/Uni_Stuff/Y3/DMD/project_1/project_1.sdk/design_1_wrapper_hw_platform_0/system.hdf'.
14:19:33 INFO  : 'configparams force-mem-access 1' command is executed.
14:19:33 INFO  : Context for 'APU' is selected.
14:19:34 INFO  : 'ps7_init' command is executed.
14:19:34 INFO  : 'ps7_post_config' command is executed.
14:19:34 INFO  : 'configparams mdm-detect-bscan-mask 2' command is executed.
14:19:34 INFO  : Context for processor 'microblaze_0' is selected.
14:19:34 INFO  : The application 'D:/Uni_Stuff/Y3/DMD/project_1/project_1.sdk/mb_test/Debug/mb_test.elf' is downloaded to processor 'microblaze_0'.
14:19:34 INFO  : 'configparams force-mem-access 0' command is executed.
14:19:34 INFO  : ----------------XSDB Script----------------
connect -url tcp:127.0.0.1:3121
source D:/Uni_Stuff/Y3/DMD/project_1/project_1.sdk/design_1_wrapper_hw_platform_0/ps7_init.tcl
targets -set -nocase -filter {name =~"APU*" && jtag_cable_name =~ "Digilent Zed 210248690419"} -index 0
rst -system
after 3000
targets -set -filter {jtag_cable_name =~ "Digilent Zed 210248690419" && level==0} -index 1
fpga -file D:/Uni_Stuff/Y3/DMD/project_1/project_1.sdk/design_1_wrapper_hw_platform_0/design_1_wrapper.bit
targets -set -nocase -filter {name =~"APU*" && jtag_cable_name =~ "Digilent Zed 210248690419"} -index 0
loadhw -hw D:/Uni_Stuff/Y3/DMD/project_1/project_1.sdk/design_1_wrapper_hw_platform_0/system.hdf -mem-ranges [list {0x40000000 0xbfffffff}]
configparams force-mem-access 1
targets -set -nocase -filter {name =~"APU*" && jtag_cable_name =~ "Digilent Zed 210248690419"} -index 0
ps7_init
ps7_post_config
configparams mdm-detect-bscan-mask 2
targets -set -nocase -filter {name =~ "microblaze*#0" && bscan=="USER2"  && jtag_cable_name =~ "Digilent Zed 210248690419"} -index 1
dow D:/Uni_Stuff/Y3/DMD/project_1/project_1.sdk/mb_test/Debug/mb_test.elf
configparams force-mem-access 0
----------------End of Script----------------

14:19:34 INFO  : Memory regions updated for context APU
14:19:34 INFO  : Memory regions updated for context MicroBlaze #0
14:19:34 INFO  : Memory regions updated for context MicroBlaze #0
14:19:35 INFO  : Context for processor 'microblaze_0' is selected.
14:19:35 INFO  : 'con' command is executed.
14:19:35 INFO  : ----------------XSDB Script (After Launch)----------------
targets -set -nocase -filter {name =~ "microblaze*#0" && bscan=="USER2"  && jtag_cable_name =~ "Digilent Zed 210248690419"} -index 1
con
----------------End of Script----------------

14:19:35 INFO  : Launch script is exported to file 'D:\Uni_Stuff\Y3\DMD\project_1\project_1.sdk\.sdk\launch_scripts\xilinx_c-c++_application_(system_debugger)\system_debugger_using_debug_mb_hello.elf_on_local.tcl'
14:20:16 INFO  : Disconnected from the channel tcfchan#6.
13:27:33 INFO  : Registering command handlers for SDK TCF services
13:27:34 INFO  : Launching XSCT server: xsct.bat -interactive D:\Uni_Stuff\Y3\DMD\project_1\project_1.sdk\temp_xsdb_launch_script.tcl
13:27:39 INFO  : XSCT server has started successfully.
13:27:54 INFO  : Successfully done setting XSCT server connection channel  
13:27:54 INFO  : Successfully done setting SDK workspace  
13:27:54 INFO  : Processing command line option -hwspec D:/Uni_Stuff/Y3/DMD/project_1/project_1.sdk/design_1_wrapper.hdf.
13:27:55 INFO  : Checking for hwspec changes in the project design_1_wrapper_hw_platform_0.
13:29:45 INFO  : Connected to target on host '127.0.0.1' and port '3121'.
13:30:04 INFO  : ----------------XSDB Script----------------
connect -url tcp:127.0.0.1:3121
----------------End of Script----------------

13:37:44 INFO  : Connected to target on host '127.0.0.1' and port '3121'.
13:38:37 INFO  : Connected to target on host '127.0.0.1' and port '3121'.
13:38:55 INFO  : Connected to target on host '127.0.0.1' and port '3121'.
13:39:14 INFO  : ----------------XSDB Script----------------
connect -url tcp:127.0.0.1:3121
----------------End of Script----------------

